<?xml version="1.0" encoding="UTF-8"?>
<!-- Generated by org.testng.reporters.JUnitXMLReporter -->
<testsuite ignored="0" hostname="WKWZTAIyRyre7hp" failures="0" tests="6" name="Test" time="21.216" errors="0" timestamp="2024-03-12T22:44:40 IST">
  <testcase classname="testngSessions.AddToCart" name="pageTitleTest" time="0.026"/>
  <testcase classname="testngSessions.AddToCart" name="searchTest" time="0.065"/>
  <testcase classname="testngSessions.Googletest" name="pageTitleTest" time="0.016"/>
  <testcase classname="testngSessions.Googletest" name="searchTest" time="0.05"/>
  <testcase classname="testngSessions.Amazontest" name="pageTitleTest" time="0.014"/>
  <testcase classname="testngSessions.Amazontest" name="searchTest" time="0.05"/>
</testsuite> <!-- Test -->
