<?xml version="1.0" encoding="UTF-8"?>
<testng-results ignored="0" total="6" passed="6" failed="0" skipped="0">
  <reporter-output>
  </reporter-output>
  <suite started-at="2024-03-12T22:44:19 IST" name="Suite" finished-at="2024-03-12T22:44:40 IST" duration-ms="21216">
    <groups>
    </groups>
    <test started-at="2024-03-12T22:44:19 IST" name="Test" finished-at="2024-03-12T22:44:40 IST" duration-ms="21216">
      <class name="testngSessions.Googletest">
        <test-method is-config="true" signature="browserOpen()[pri:0, instance:testngSessions.Googletest@19e4653c]" started-at="2024-03-12T22:44:36 IST" name="browserOpen" finished-at="2024-03-12T22:44:39 IST" duration-ms="3191" status="PASS">
          <reporter-output>
          </reporter-output>
        </test-method> <!-- browserOpen -->
        <test-method signature="pageTitleTest()[pri:0, instance:testngSessions.Googletest@19e4653c]" started-at="2024-03-12T22:44:39 IST" name="pageTitleTest" finished-at="2024-03-12T22:44:39 IST" duration-ms="16" status="PASS">
          <reporter-output>
          </reporter-output>
        </test-method> <!-- pageTitleTest -->
        <test-method signature="searchTest()[pri:0, instance:testngSessions.Googletest@19e4653c]" started-at="2024-03-12T22:44:39 IST" name="searchTest" finished-at="2024-03-12T22:44:39 IST" duration-ms="50" status="PASS">
          <reporter-output>
          </reporter-output>
        </test-method> <!-- searchTest -->
        <test-method is-config="true" signature="browserClose()[pri:0, instance:testngSessions.Googletest@19e4653c]" started-at="2024-03-12T22:44:40 IST" name="browserClose" finished-at="2024-03-12T22:44:40 IST" duration-ms="244" status="PASS">
          <reporter-output>
          </reporter-output>
        </test-method> <!-- browserClose -->
      </class> <!-- testngSessions.Googletest -->
      <class name="testngSessions.Amazontest">
        <test-method is-config="true" signature="browserOpen()[pri:0, instance:testngSessions.Amazontest@795509d9]" started-at="2024-03-12T22:44:33 IST" name="browserOpen" finished-at="2024-03-12T22:44:36 IST" duration-ms="3152" status="PASS">
          <reporter-output>
          </reporter-output>
        </test-method> <!-- browserOpen -->
        <test-method signature="pageTitleTest()[pri:0, instance:testngSessions.Amazontest@795509d9]" started-at="2024-03-12T22:44:39 IST" name="pageTitleTest" finished-at="2024-03-12T22:44:39 IST" duration-ms="14" status="PASS">
          <reporter-output>
          </reporter-output>
        </test-method> <!-- pageTitleTest -->
        <test-method signature="searchTest()[pri:0, instance:testngSessions.Amazontest@795509d9]" started-at="2024-03-12T22:44:39 IST" name="searchTest" finished-at="2024-03-12T22:44:39 IST" duration-ms="50" status="PASS">
          <reporter-output>
          </reporter-output>
        </test-method> <!-- searchTest -->
        <test-method is-config="true" signature="browserClose()[pri:0, instance:testngSessions.Amazontest@795509d9]" started-at="2024-03-12T22:44:40 IST" name="browserClose" finished-at="2024-03-12T22:44:40 IST" duration-ms="320" status="PASS">
          <reporter-output>
          </reporter-output>
        </test-method> <!-- browserClose -->
      </class> <!-- testngSessions.Amazontest -->
      <class name="testngSessions.AddToCart">
        <test-method is-config="true" signature="browserOpen()[pri:0, instance:testngSessions.AddToCart@1ca3b418]" started-at="2024-03-12T22:44:19 IST" name="browserOpen" finished-at="2024-03-12T22:44:33 IST" duration-ms="13855" status="PASS">
          <reporter-output>
          </reporter-output>
        </test-method> <!-- browserOpen -->
        <test-method signature="pageTitleTest()[pri:0, instance:testngSessions.AddToCart@1ca3b418]" started-at="2024-03-12T22:44:39 IST" name="pageTitleTest" finished-at="2024-03-12T22:44:39 IST" duration-ms="26" status="PASS">
          <reporter-output>
          </reporter-output>
        </test-method> <!-- pageTitleTest -->
        <test-method signature="searchTest()[pri:0, instance:testngSessions.AddToCart@1ca3b418]" started-at="2024-03-12T22:44:39 IST" name="searchTest" finished-at="2024-03-12T22:44:39 IST" duration-ms="65" status="PASS">
          <reporter-output>
          </reporter-output>
        </test-method> <!-- searchTest -->
        <test-method is-config="true" signature="browserClose()[pri:0, instance:testngSessions.AddToCart@1ca3b418]" started-at="2024-03-12T22:44:39 IST" name="browserClose" finished-at="2024-03-12T22:44:40 IST" duration-ms="171" status="PASS">
          <reporter-output>
          </reporter-output>
        </test-method> <!-- browserClose -->
      </class> <!-- testngSessions.AddToCart -->
    </test> <!-- Test -->
  </suite> <!-- Suite -->
</testng-results>
